2026-05-24 12:59:31 | INFO | src.fetcher | Fetched iCal successfully for property=prop_04
2026-05-24 12:59:33 | INFO | src.fetcher | Fetching iCal for property=prop_05 (Property 05)
2026-05-24 12:59:33 | INFO | httpx | HTTP Request: GET https://www.airbnb.com/calendar/ical/1292667868790646090.ics?t=90c9126d7fb4411bbed9eff5d3c766e4 "HTTP/1.1 200 OK"
2026-05-24 12:59:33 | INFO | src.fetcher | Fetched iCal successfully for property=prop_05
2026-05-24 12:59:35 | INFO | src.fetcher | Fetching iCal for property=prop_06 (Property 06)
2026-05-24 12:59:36 | INFO | httpx | HTTP Request: GET https://www.airbnb.com/calendar/ical/1298350451641201758.ics?t=95dd1dc4ed404c918e0bccd6c2e7b8b2 "HTTP/1.1 200 OK"
2026-05-24 12:59:36 | INFO | src.fetcher | Fetched iCal successfully for property=prop_06
2026-05-24 12:59:38 | INFO | src.fetcher | Fetching iCal for property=prop_07 (Property 07)
2026-05-24 12:59:38 | INFO | httpx | HTTP Request: GET https://www.airbnb.com/calendar/ical/1572209567626235879.ics?t=07d9856e7cf540119d00acab3a92b78f "HTTP/1.1 200 OK"
2026-05-24 12:59:38 | INFO | src.fetcher | Fetched iCal successfully for property=prop_07
2026-05-24 12:59:40 | INFO | src.fetcher | Fetching iCal for property=prop_08 (Property 08)
2026-05-24 12:59:40 | INFO | httpx | HTTP Request: GET https://www.airbnb.com/calendar/ical/1581955295247196376.ics?t=d77f130290ae41b499e7ab481f516f6e "HTTP/1.1 200 OK"
2026-05-24 12:59:40 | INFO | src.fetcher | Fetched iCal successfully for property=prop_08
2026-05-24 12:59:42 | INFO | src.fetcher | Fetching iCal for property=prop_09 (Property 09)
2026-05-24 12:59:43 | INFO | httpx | HTTP Request: GET https://www.airbnb.com/calendar/ical/1581947449551593237.ics?t=52cf6fbbd7f34e83b286a344aa4ee9a8 "HTTP/1.1 200 OK"
2026-05-24 12:59:43 | INFO | src.fetcher | Fetched iCal successfully for property=prop_09
2026-05-24 12:59:45 | INFO | src.fetcher | Fetching iCal for property=prop_10 (Property 10)
2026-05-24 12:59:45 | INFO | httpx | HTTP Request: GET https://www.airbnb.com/calendar/ical/1581810809115787451.ics?t=0b866cf127014723ace8b0df7941100d "HTTP/1.1 200 OK"
2026-05-24 12:59:45 | INFO | src.fetcher | Fetched iCal successfully for property=prop_10
2026-05-24 12:59:47 | INFO | src.fetcher | Fetching iCal for property=prop_11 (Property 11)
2026-05-24 12:59:48 | INFO | httpx | HTTP Request: GET https://www.airbnb.com/calendar/ical/1581815830064787563.ics?t=665ab1d5fa7845ce9d9e75bebd96d159 "HTTP/1.1 200 OK"
2026-05-24 12:59:48 | INFO | src.fetcher | Fetched iCal successfully for property=prop_11
2026-05-24 12:59:50 | INFO | src.fetcher | Fetching iCal for property=prop_12 (Property 12)
2026-05-24 12:59:50 | INFO | httpx | HTTP Request: GET https://www.airbnb.com/calendar/ical/1573104728411079591.ics?t=23a9b5c1ad784d9f85c26e9865a8910a "HTTP/1.1 200 OK"
2026-05-24 12:59:50 | INFO | src.fetcher | Fetched iCal successfully for property=prop_12
2026-05-24 12:59:50 | INFO | __main__ | Occupancy update finished. Exported 12 properties to ./data/occupancy.json
2026-05-24 12:59:50 | INFO | src.html_calendar | Calendar HTML exported to ./data/occupancy_calendar.html
2026-05-24 12:59:50 | ERROR | src.deployer | Git command failed during deployment: ['git', 'clone', '--branch', 'main', '--single-branch', 'https://github.com/<USERNAME>/riana-calendar.git', '/home/runner/work/riana-calendar/riana-calendar/deploy_repo']
stdout: 
stderr: Cloning into '/home/runner/work/riana-calendar/riana-calendar/deploy_repo'...
fatal: unable to access 'https://github.com/<USERNAME>/riana-calendar.git/': The requested URL returned error: 400

2026-05-24 14:24:33 | INFO | __main__ | Starting occupancy update cycle for 12 properties
2026-05-24 14:24:33 | INFO | src.fetcher | Fetching iCal for property=prop_01 (Property 01)
2026-05-24 14:24:33 | INFO | httpx | HTTP Request: GET https://www.airbnb.com/calendar/ical/1292658416910564762.ics?t=8cb9df85e12c41abacb58703f4aff81c "HTTP/1.1 200 OK"
2026-05-24 14:24:33 | INFO | src.fetcher | Fetched iCal successfully for property=prop_01
2026-05-24 14:24:35 | INFO | src.fetcher | Fetching iCal for property=prop_02 (Property 02)
2026-05-24 14:24:35 | INFO | httpx | HTTP Request: GET https://www.airbnb.com/calendar/ical/1292664847387258979.ics?t=2e3baf6abd6441798de655393efe508d "HTTP/1.1 200 OK"
2026-05-24 14:24:35 | INFO | src.fetcher | Fetched iCal successfully for property=prop_02
2026-05-24 14:24:37 | INFO | src.fetcher | Fetching iCal for property=prop_03 (Property 03)
2026-05-24 14:24:38 | INFO | httpx | HTTP Request: GET https://www.airbnb.com/calendar/ical/1298286373838602814.ics?t=5729dfe2a30c4156be4bb22b8814ad98 "HTTP/1.1 200 OK"
2026-05-24 14:24:38 | INFO | src.fetcher | Fetched iCal successfully for property=prop_03
2026-05-24 14:24:40 | INFO | src.fetcher | Fetching iCal for property=prop_04 (Property 04)
2026-05-24 14:24:40 | INFO | httpx | HTTP Request: GET https://www.airbnb.com/calendar/ical/1291302241861413464.ics?t=c508242628ca486e851da66567cc0f87 "HTTP/1.1 200 OK"
2026-05-24 14:24:40 | INFO | src.fetcher | Fetched iCal successfully for property=prop_04
2026-05-24 14:24:42 | INFO | src.fetcher | Fetching iCal for property=prop_05 (Property 05)
2026-05-24 14:24:43 | INFO | httpx | HTTP Request: GET https://www.airbnb.com/calendar/ical/1292667868790646090.ics?t=90c9126d7fb4411bbed9eff5d3c766e4 "HTTP/1.1 200 OK"
2026-05-24 14:24:43 | INFO | src.fetcher | Fetched iCal successfully for property=prop_05
2026-05-24 14:24:45 | INFO | src.fetcher | Fetching iCal for property=prop_06 (Property 06)
2026-05-24 14:24:45 | INFO | httpx | HTTP Request: GET https://www.airbnb.com/calendar/ical/1298350451641201758.ics?t=95dd1dc4ed404c918e0bccd6c2e7b8b2 "HTTP/1.1 200 OK"
2026-05-24 14:24:45 | INFO | src.fetcher | Fetched iCal successfully for property=prop_06
2026-05-24 14:24:47 | INFO | src.fetcher | Fetching iCal for property=prop_07 (Property 07)
2026-05-24 14:24:47 | INFO | httpx | HTTP Request: GET https://www.airbnb.com/calendar/ical/1572209567626235879.ics?t=07d9856e7cf540119d00acab3a92b78f "HTTP/1.1 200 OK"
2026-05-24 14:24:47 | INFO | src.fetcher | Fetched iCal successfully for property=prop_07
2026-05-24 14:24:49 | INFO | src.fetcher | Fetching iCal for property=prop_08 (Property 08)
2026-05-24 14:24:50 | INFO | httpx | HTTP Request: GET https://www.airbnb.com/calendar/ical/1581955295247196376.ics?t=d77f130290ae41b499e7ab481f516f6e "HTTP/1.1 200 OK"
2026-05-24 14:24:50 | INFO | src.fetcher | Fetched iCal successfully for property=prop_08
2026-05-24 14:24:52 | INFO | src.fetcher | Fetching iCal for property=prop_09 (Property 09)
2026-05-24 14:24:52 | INFO | httpx | HTTP Request: GET https://www.airbnb.com/calendar/ical/1581947449551593237.ics?t=52cf6fbbd7f34e83b286a344aa4ee9a8 "HTTP/1.1 200 OK"
2026-05-24 14:24:52 | INFO | src.fetcher | Fetched iCal successfully for property=prop_09
2026-05-24 14:24:54 | INFO | src.fetcher | Fetching iCal for property=prop_10 (Property 10)
2026-05-24 14:24:54 | INFO | httpx | HTTP Request: GET https://www.airbnb.com/calendar/ical/1581810809115787451.ics?t=0b866cf127014723ace8b0df7941100d "HTTP/1.1 200 OK"
2026-05-24 14:24:54 | INFO | src.fetcher | Fetched iCal successfully for property=prop_10
2026-05-24 14:24:56 | INFO | src.fetcher | Fetching iCal for property=prop_11 (Property 11)
2026-05-24 14:24:57 | INFO | httpx | HTTP Request: GET https://www.airbnb.com/calendar/ical/1581815830064787563.ics?t=665ab1d5fa7845ce9d9e75bebd96d159 "HTTP/1.1 200 OK"
2026-05-24 14:24:57 | INFO | src.fetcher | Fetched iCal successfully for property=prop_11
2026-05-24 14:24:59 | INFO | src.fetcher | Fetching iCal for property=prop_12 (Property 12)
2026-05-24 14:24:59 | INFO | httpx | HTTP Request: GET https://www.airbnb.com/calendar/ical/1573104728411079591.ics?t=23a9b5c1ad784d9f85c26e9865a8910a "HTTP/1.1 200 OK"
2026-05-24 14:24:59 | INFO | src.fetcher | Fetched iCal successfully for property=prop_12
2026-05-24 14:24:59 | INFO | __main__ | Occupancy update finished. Exported 12 properties to ./data/occupancy.json
2026-05-24 14:24:59 | INFO | src.html_calendar | Calendar HTML exported to ./data/occupancy_calendar.html
2026-05-24 14:24:59 | ERROR | src.deployer | Git command failed during deployment: ['git', 'clone', '--branch', 'main', '--single-branch', 'https://github.com/<USERNAME>/riana-calendar.git', '/home/runner/work/riana-calendar/riana-calendar/deploy_repo']
stdout: 
stderr: Cloning into '/home/runner/work/riana-calendar/riana-calendar/deploy_repo'...
fatal: unable to access 'https://github.com/<USERNAME>/riana-calendar.git/': The requested URL returned error: 400

2026-05-24 15:54:46 | INFO | __main__ | Starting occupancy update cycle for 12 properties
2026-05-24 15:54:46 | INFO | src.fetcher | Fetching iCal for property=prop_01 (Property 01)
2026-05-24 15:54:47 | INFO | httpx | HTTP Request: GET https://www.airbnb.com/calendar/ical/1292658416910564762.ics?t=8cb9df85e12c41abacb58703f4aff81c "HTTP/1.1 200 OK"
2026-05-24 15:54:47 | INFO | src.fetcher | Fetched iCal successfully for property=prop_01
2026-05-24 15:54:49 | INFO | src.fetcher | Fetching iCal for property=prop_02 (Property 02)
2026-05-24 15:54:49 | INFO | httpx | HTTP Request: GET https://www.airbnb.com/calendar/ical/1292664847387258979.ics?t=2e3baf6abd6441798de655393efe508d "HTTP/1.1 200 OK"
2026-05-24 15:54:49 | INFO | src.fetcher | Fetched iCal successfully for property=prop_02
2026-05-24 15:54:51 | INFO | src.fetcher | Fetching iCal for property=prop_03 (Property 03)
2026-05-24 15:54:51 | INFO | httpx | HTTP Request: GET https://www.airbnb.com/calendar/ical/1298286373838602814.ics?t=5729dfe2a30c4156be4bb22b8814ad98 "HTTP/1.1 200 OK"
2026-05-24 15:54:51 | INFO | src.fetcher | Fetched iCal successfully for property=prop_03
2026-05-24 15:54:53 | INFO | src.fetcher | Fetching iCal for property=prop_04 (Property 04)
2026-05-24 15:54:54 | INFO | httpx | HTTP Request: GET https://www.airbnb.com/calendar/ical/1291302241861413464.ics?t=c508242628ca486e851da66567cc0f87 "HTTP/1.1 200 OK"
2026-05-24 15:54:54 | INFO | src.fetcher | Fetched iCal successfully for property=prop_04
2026-05-24 15:54:56 | INFO | src.fetcher | Fetching iCal for property=prop_05 (Property 05)
2026-05-24 15:54:56 | INFO | httpx | HTTP Request: GET https://www.airbnb.com/calendar/ical/1292667868790646090.ics?t=90c9126d7fb4411bbed9eff5d3c766e4 "HTTP/1.1 200 OK"
2026-05-24 15:54:56 | INFO | src.fetcher | Fetched iCal successfully for property=prop_05
2026-05-24 15:54:58 | INFO | src.fetcher | Fetching iCal for property=prop_06 (Property 06)
2026-05-24 15:54:58 | INFO | httpx | HTTP Request: GET https://www.airbnb.com/calendar/ical/1298350451641201758.ics?t=95dd1dc4ed404c918e0bccd6c2e7b8b2 "HTTP/1.1 200 OK"
2026-05-24 15:54:58 | INFO | src.fetcher | Fetched iCal successfully for property=prop_06
2026-05-24 15:55:00 | INFO | src.fetcher | Fetching iCal for property=prop_07 (Property 07)
2026-05-24 15:55:01 | INFO | httpx | HTTP Request: GET https://www.airbnb.com/calendar/ical/1572209567626235879.ics?t=07d9856e7cf540119d00acab3a92b78f "HTTP/1.1 200 OK"
2026-05-24 15:55:01 | INFO | src.fetcher | Fetched iCal successfully for property=prop_07
2026-05-24 15:55:03 | INFO | src.fetcher | Fetching iCal for property=prop_08 (Property 08)
2026-05-24 15:55:03 | INFO | httpx | HTTP Request: GET https://www.airbnb.com/calendar/ical/1581955295247196376.ics?t=d77f130290ae41b499e7ab481f516f6e "HTTP/1.1 200 OK"
2026-05-24 15:55:03 | INFO | src.fetcher | Fetched iCal successfully for property=prop_08
2026-05-24 15:55:05 | INFO | src.fetcher | Fetching iCal for property=prop_09 (Property 09)
2026-05-24 15:55:06 | INFO | httpx | HTTP Request: GET https://www.airbnb.com/calendar/ical/1581947449551593237.ics?t=52cf6fbbd7f34e83b286a344aa4ee9a8 "HTTP/1.1 200 OK"
2026-05-24 15:55:06 | INFO | src.fetcher | Fetched iCal successfully for property=prop_09
2026-05-24 15:55:08 | INFO | src.fetcher | Fetching iCal for property=prop_10 (Property 10)
2026-05-24 15:55:08 | INFO | httpx | HTTP Request: GET https://www.airbnb.com/calendar/ical/1581810809115787451.ics?t=0b866cf127014723ace8b0df7941100d "HTTP/1.1 200 OK"
2026-05-24 15:55:08 | INFO | src.fetcher | Fetched iCal successfully for property=prop_10
2026-05-24 15:55:10 | INFO | src.fetcher | Fetching iCal for property=prop_11 (Property 11)
2026-05-24 15:55:10 | INFO | httpx | HTTP Request: GET https://www.airbnb.com/calendar/ical/1581815830064787563.ics?t=665ab1d5fa7845ce9d9e75bebd96d159 "HTTP/1.1 200 OK"
2026-05-24 15:55:10 | INFO | src.fetcher | Fetched iCal successfully for property=prop_11
2026-05-24 15:55:12 | INFO | src.fetcher | Fetching iCal for property=prop_12 (Property 12)
2026-05-24 15:55:13 | INFO | httpx | HTTP Request: GET https://www.airbnb.com/calendar/ical/1573104728411079591.ics?t=23a9b5c1ad784d9f85c26e9865a8910a "HTTP/1.1 200 OK"
2026-05-24 15:55:13 | INFO | src.fetcher | Fetched iCal successfully for property=prop_12
2026-05-24 15:55:13 | INFO | __main__ | Occupancy update finished. Exported 12 properties to ./data/occupancy.json
2026-05-24 15:55:13 | INFO | src.html_calendar | Calendar HTML exported to ./data/occupancy_calendar.html
2026-05-24 15:55:13 | ERROR | src.deployer | Git command failed during deployment: ['git', 'clone', '--branch', 'main', '--single-branch', 'https://github.com/<USERNAME>/riana-calendar.git', '/home/runner/work/riana-calendar/riana-calendar/deploy_repo']
stdout: 
stderr: Cloning into '/home/runner/work/riana-calendar/riana-calendar/deploy_repo'...
fatal: unable to access 'https://github.com/<USERNAME>/riana-calendar.git/': The requested URL returned error: 400

2026-05-24 16:51:41 | INFO | __main__ | Starting occupancy update cycle for 12 properties
2026-05-24 16:51:41 | INFO | src.fetcher | Fetching iCal for property=prop_01 (Property 01)
2026-05-24 16:51:42 | INFO | httpx | HTTP Request: GET https://www.airbnb.com/calendar/ical/1292658416910564762.ics?t=8cb9df85e12c41abacb58703f4aff81c "HTTP/1.1 200 OK"
2026-05-24 16:51:42 | INFO | src.fetcher | Fetched iCal successfully for property=prop_01
2026-05-24 16:51:44 | INFO | src.fetcher | Fetching iCal for property=prop_02 (Property 02)
2026-05-24 16:51:44 | INFO | httpx | HTTP Request: GET https://www.airbnb.com/calendar/ical/1292664847387258979.ics?t=2e3baf6abd6441798de655393efe508d "HTTP/1.1 200 OK"
2026-05-24 16:51:44 | INFO | src.fetcher | Fetched iCal successfully for property=prop_02
2026-05-24 16:51:46 | INFO | src.fetcher | Fetching iCal for property=prop_03 (Property 03)
2026-05-24 16:51:46 | INFO | httpx | HTTP Request: GET https://www.airbnb.com/calendar/ical/1298286373838602814.ics?t=5729dfe2a30c4156be4bb22b8814ad98 "HTTP/1.1 200 OK"
2026-05-24 16:51:46 | INFO | src.fetcher | Fetched iCal successfully for property=prop_03
2026-05-24 16:51:48 | INFO | src.fetcher | Fetching iCal for property=prop_04 (Property 04)
2026-05-24 16:51:49 | INFO | httpx | HTTP Request: GET https://www.airbnb.com/calendar/ical/1291302241861413464.ics?t=c508242628ca486e851da66567cc0f87 "HTTP/1.1 200 OK"
2026-05-24 16:51:49 | INFO | src.fetcher | Fetched iCal successfully for property=prop_04
2026-05-24 16:51:51 | INFO | src.fetcher | Fetching iCal for property=prop_05 (Property 05)
2026-05-24 16:51:51 | INFO | httpx | HTTP Request: GET https://www.airbnb.com/calendar/ical/1292667868790646090.ics?t=90c9126d7fb4411bbed9eff5d3c766e4 "HTTP/1.1 200 OK"
2026-05-24 16:51:51 | INFO | src.fetcher | Fetched iCal successfully for property=prop_05
2026-05-24 16:51:53 | INFO | src.fetcher | Fetching iCal for property=prop_06 (Property 06)
2026-05-24 16:51:53 | INFO | httpx | HTTP Request: GET https://www.airbnb.com/calendar/ical/1298350451641201758.ics?t=95dd1dc4ed404c918e0bccd6c2e7b8b2 "HTTP/1.1 200 OK"
2026-05-24 16:51:53 | INFO | src.fetcher | Fetched iCal successfully for property=prop_06
2026-05-24 16:51:55 | INFO | src.fetcher | Fetching iCal for property=prop_07 (Property 07)
2026-05-24 16:51:56 | INFO | httpx | HTTP Request: GET https://www.airbnb.com/calendar/ical/1572209567626235879.ics?t=07d9856e7cf540119d00acab3a92b78f "HTTP/1.1 200 OK"
2026-05-24 16:51:56 | INFO | src.fetcher | Fetched iCal successfully for property=prop_07
2026-05-24 16:51:58 | INFO | src.fetcher | Fetching iCal for property=prop_08 (Property 08)
2026-05-24 16:51:58 | INFO | httpx | HTTP Request: GET https://www.airbnb.com/calendar/ical/1581955295247196376.ics?t=d77f130290ae41b499e7ab481f516f6e "HTTP/1.1 200 OK"
2026-05-24 16:51:58 | INFO | src.fetcher | Fetched iCal successfully for property=prop_08
2026-05-24 16:52:00 | INFO | src.fetcher | Fetching iCal for property=prop_09 (Property 09)
2026-05-24 16:52:00 | INFO | httpx | HTTP Request: GET https://www.airbnb.com/calendar/ical/1581947449551593237.ics?t=52cf6fbbd7f34e83b286a344aa4ee9a8 "HTTP/1.1 200 OK"
2026-05-24 16:52:00 | INFO | src.fetcher | Fetched iCal successfully for property=prop_09
2026-05-24 16:52:02 | INFO | src.fetcher | Fetching iCal for property=prop_10 (Property 10)
2026-05-24 16:52:03 | INFO | httpx | HTTP Request: GET https://www.airbnb.com/calendar/ical/1581810809115787451.ics?t=0b866cf127014723ace8b0df7941100d "HTTP/1.1 200 OK"
2026-05-24 16:52:03 | INFO | src.fetcher | Fetched iCal successfully for property=prop_10
2026-05-24 16:52:05 | INFO | src.fetcher | Fetching iCal for property=prop_11 (Property 11)
2026-05-24 16:52:05 | INFO | httpx | HTTP Request: GET https://www.airbnb.com/calendar/ical/1581815830064787563.ics?t=665ab1d5fa7845ce9d9e75bebd96d159 "HTTP/1.1 200 OK"
2026-05-24 16:52:05 | INFO | src.fetcher | Fetched iCal successfully for property=prop_11
2026-05-24 16:52:07 | INFO | src.fetcher | Fetching iCal for property=prop_12 (Property 12)
2026-05-24 16:52:07 | INFO | httpx | HTTP Request: GET https://www.airbnb.com/calendar/ical/1573104728411079591.ics?t=23a9b5c1ad784d9f85c26e9865a8910a "HTTP/1.1 200 OK"
2026-05-24 16:52:07 | INFO | src.fetcher | Fetched iCal successfully for property=prop_12
2026-05-24 16:52:07 | INFO | __main__ | Occupancy update finished. Exported 12 properties to ./data/occupancy.json
2026-05-24 16:52:07 | INFO | src.html_calendar | Calendar HTML exported to ./data/occupancy_calendar.html
2026-05-24 16:52:08 | ERROR | src.deployer | Git command failed during deployment: ['git', 'clone', '--branch', 'main', '--single-branch', 'https://github.com/<USERNAME>/riana-calendar.git', '/home/runner/work/riana-calendar/riana-calendar/deploy_repo']
stdout: 
stderr: Cloning into '/home/runner/work/riana-calendar/riana-calendar/deploy_repo'...
fatal: unable to access 'https://github.com/<USERNAME>/riana-calendar.git/': The requested URL returned error: 400

